2020-07-02 01:19:59,397 INFO client Test
2020-07-02 01:19:59,397 INFO client Устанавливаем соединение: ('localhost', 7777)
2020-07-02 01:20:00,428 ERROR client [WinError 10061] Подключение не установлено, т.к. конечный компьютер отверг запрос на подключение
2020-07-02 01:20:51,048 INFO client Программа клиент запущена
2020-07-02 01:20:51,048 INFO client Устанавливаем соединение: ('localhost', 7777)
2020-07-02 01:20:52,079 ERROR client [WinError 10061] Подключение не установлено, т.к. конечный компьютер отверг запрос на подключение
2020-07-02 01:42:22,487 INFO client Программа клиент запущена
2020-07-02 01:42:22,487 INFO client Устанавливаем соединение: ('localhost', 7777)
2020-07-02 01:42:22,487 INFO client Выполняем команду: `presence`
2020-07-02 01:42:22,487 INFO client Сообщение от сервера: command `presence` completed successfully; Code: 200
2020-07-02 01:42:22,487 INFO client Отключаемся от сервера ('localhost', 7777)
2020-07-02 01:48:45,648 INFO client Программа клиент запущена
2020-07-02 01:48:45,648 INFO client Устанавливаем соединение: ('localhost', 7777)
2020-07-02 01:48:45,648 INFO client Выполняем команду: `presence`
2020-07-02 01:48:45,648 INFO client Сообщение от сервера: command `presence` completed successfully; Code: 200
2020-07-02 01:48:45,648 INFO client Отключаемся от сервера ('localhost', 7777)
2020-07-02 01:50:31,136 INFO client Программа клиент запущена
2020-07-02 01:50:31,136 INFO client Устанавливаем соединение: ('localhost', 7777)
2020-07-02 01:50:31,151 INFO client Выполняем команду: `presence`
2020-07-02 01:50:31,151 INFO client Сообщение от сервера: command `presence` completed successfully; Code: 200
2020-07-02 01:50:31,151 INFO client Отключаемся от сервера ('localhost', 7777)
2020-07-09 12:53:36,158 INFO client Программа клиент запущена
2020-07-09 12:53:36,158 INFO client Устанавливаем соединение: ('localhost', 7777)
2020-07-09 12:53:36,158 INFO client Выполняем команду: `presence`
2020-07-09 12:57:28,629 INFO client Программа клиент запущена
2020-07-09 12:57:28,629 INFO client Устанавливаем соединение: ('localhost', 7777)
2020-07-09 12:57:28,629 INFO client Выполняем команду: `presence`
2020-07-09 12:59:12,171 INFO client Программа клиент запущена
2020-07-09 12:59:12,171 INFO client Устанавливаем соединение: ('localhost', 7777)
2020-07-09 12:59:12,171 INFO client Выполняем команду: `presence`
2020-07-09 13:07:46,021 INFO client Программа клиент запущена
2020-07-09 13:07:46,021 INFO client Устанавливаем соединение: ('localhost', 7777)
2020-07-09 13:07:46,021 INFO client Выполняем команду: `presence`
2020-07-09 13:08:02,490 ERROR client [WinError 10054] Удаленный хост принудительно разорвал существующее подключение
2020-07-09 13:08:33,396 INFO client Программа клиент запущена
2020-07-09 13:08:33,396 INFO client Устанавливаем соединение: ('localhost', 7777)
2020-07-09 13:08:33,396 INFO client Выполняем команду: `presence`
2020-07-09 13:09:11,037 INFO client Программа клиент запущена
2020-07-09 13:09:11,037 INFO client Устанавливаем соединение: ('localhost', 7777)
2020-07-09 13:09:11,037 INFO client Выполняем команду: `presence`
2020-07-09 13:11:04,928 INFO client Программа клиент запущена
2020-07-09 13:11:04,928 INFO client Устанавливаем соединение: ('localhost', 7777)
2020-07-09 13:11:04,928 INFO client Выполняем команду: `presence`
2020-07-09 13:12:47,709 INFO client Программа клиент запущена
2020-07-09 13:12:47,709 INFO client Устанавливаем соединение: ('localhost', 7777)
2020-07-09 13:12:47,709 INFO client Выполняем команду: `presence`
2020-07-09 13:13:11,975 INFO client Программа клиент запущена
2020-07-09 13:13:14,147 INFO client Устанавливаем соединение: ('localhost', 7777)
2020-07-09 13:13:15,115 INFO client Выполняем команду: `presence`
2020-07-09 13:14:35,257 INFO client Программа клиент запущена
2020-07-09 13:14:35,257 INFO client Устанавливаем соединение: ('localhost', 7777)
2020-07-09 13:14:35,257 INFO client Выполняем команду: `presence`
2020-07-09 13:15:34,648 INFO client Сообщение от сервера: Unexpected error; Code: 500
2020-07-09 13:15:34,648 INFO client Отключаемся от сервера ('localhost', 7777)
2020-07-09 13:15:43,694 INFO client Программа клиент запущена
2020-07-09 13:15:43,694 INFO client Устанавливаем соединение: ('localhost', 7777)
2020-07-09 13:15:43,694 INFO client Выполняем команду: `presence`
2020-07-09 13:16:36,045 ERROR client [WinError 10054] Удаленный хост принудительно разорвал существующее подключение
2020-07-09 13:17:07,724 INFO client Программа клиент запущена
2020-07-09 13:17:07,724 INFO client Устанавливаем соединение: ('localhost', 7777)
2020-07-09 13:17:07,724 INFO client Выполняем команду: `presence`
2020-07-09 13:18:33,847 INFO client Программа клиент запущена
2020-07-09 13:18:33,847 INFO client Устанавливаем соединение: ('localhost', 7777)
2020-07-09 13:18:33,847 INFO client Выполняем команду: `presence`
2020-07-09 13:19:47,342 INFO client Программа клиент запущена
2020-07-09 13:19:47,342 INFO client Устанавливаем соединение: ('localhost', 7777)
2020-07-09 13:19:47,342 INFO client Выполняем команду: `presence`
2020-07-09 13:20:38,729 INFO client Программа клиент запущена
2020-07-09 13:20:38,729 INFO client Устанавливаем соединение: ('localhost', 7777)
2020-07-09 13:20:38,729 INFO client Выполняем команду: `presence`
2020-07-09 13:21:15,769 ERROR client [WinError 10054] Удаленный хост принудительно разорвал существующее подключение
2020-07-09 13:22:00,553 INFO client Программа клиент запущена
2020-07-09 13:22:00,553 INFO client Устанавливаем соединение: ('localhost', 7777)
2020-07-09 13:22:00,553 INFO client Выполняем команду: `presence`
2020-07-09 13:23:08,302 INFO client Программа клиент запущена
2020-07-09 13:23:08,302 INFO client Устанавливаем соединение: ('localhost', 7777)
2020-07-09 13:23:08,302 INFO client Выполняем команду: `presence`
2020-07-09 13:31:04,447 INFO client Программа клиент запущена
2020-07-09 13:31:04,447 INFO client Устанавливаем соединение: ('localhost', 7777)
2020-07-09 13:31:04,447 INFO client Выполняем команду: `presence`
2020-07-09 13:32:30,730 INFO client Программа клиент запущена
2020-07-09 13:32:30,730 INFO client Устанавливаем соединение: ('localhost', 7777)
2020-07-09 13:32:30,730 INFO client Выполняем команду: `presence`
2020-07-09 13:35:57,466 INFO client Программа клиент запущена
2020-07-09 13:35:57,466 INFO client Устанавливаем соединение: ('localhost', 7777)
2020-07-09 13:35:57,466 INFO client Выполняем команду: `presence`
2020-07-09 13:37:51,795 INFO client Программа клиент запущена
2020-07-09 13:37:51,795 INFO client Устанавливаем соединение: ('localhost', 7777)
2020-07-09 13:37:52,795 ERROR client [WinError 10061] Подключение не установлено, т.к. конечный компьютер отверг запрос на подключение
2020-07-09 13:38:08,835 INFO client Программа клиент запущена
2020-07-09 13:38:08,851 INFO client Устанавливаем соединение: ('localhost', 7777)
2020-07-09 13:38:08,851 INFO client Выполняем команду: `presence`
2020-07-09 13:38:54,164 INFO client Сообщение от сервера: Unexpected error; Code: 500
2020-07-09 13:38:54,164 INFO client Отключаемся от сервера ('localhost', 7777)
2020-07-09 13:39:44,929 INFO client Программа клиент запущена
2020-07-09 13:39:44,929 INFO client Устанавливаем соединение: ('localhost', 7777)
2020-07-09 13:39:44,929 INFO client Выполняем команду: `presence`
2020-07-09 13:40:16,188 INFO client Программа клиент запущена
2020-07-09 13:40:16,188 INFO client Устанавливаем соединение: ('localhost', 7777)
2020-07-09 13:40:16,188 INFO client Выполняем команду: `presence`
2020-07-09 13:43:16,172 INFO client Программа клиент запущена
2020-07-09 13:43:16,187 INFO client Устанавливаем соединение: ('localhost', 7777)
2020-07-09 13:43:16,187 INFO client Выполняем команду: `presence`
2020-07-09 13:52:03,876 INFO client Программа клиент запущена
2020-07-09 13:52:03,876 INFO client Устанавливаем соединение: ('localhost', 7777)
2020-07-09 13:52:03,876 INFO client Выполняем команду: `presence`
2020-07-09 13:52:28,048 INFO client Сообщение от сервера: command `presence` completed successfully; Code: 200
2020-07-09 13:52:28,048 INFO client Отключаемся от сервера ('localhost', 7777)
2020-07-09 13:54:02,228 INFO client Программа клиент запущена
2020-07-09 13:54:02,228 INFO client Устанавливаем соединение: ('localhost', 7777)
2020-07-09 13:54:02,228 INFO client Выполняем команду: `presence`
2020-07-09 13:55:47,915 INFO client Сообщение от сервера: command `presence` completed successfully; Code: 200
2020-07-09 13:55:47,915 INFO client Отключаемся от сервера ('localhost', 7777)
2020-07-09 13:56:42,272 INFO client Программа клиент запущена
2020-07-09 13:56:42,272 INFO client Устанавливаем соединение: ('localhost', 7777)
2020-07-09 13:56:42,272 INFO client Выполняем команду: `presence`
2020-07-09 13:56:42,272 INFO client Сообщение от сервера: command `presence` completed successfully; Code: 200
2020-07-09 13:56:42,272 INFO client Отключаемся от сервера ('localhost', 7777)
2020-07-09 14:00:53,802 INFO client Программа клиент запущена
2020-07-09 14:00:53,818 INFO client Устанавливаем соединение: ('localhost', 7777)
2020-07-09 14:00:53,818 INFO client Выполняем команду: `presence`
2020-07-09 14:01:33,459 INFO client Сообщение от сервера: command `presence` completed successfully; Code: 200
2020-07-09 14:01:33,459 INFO client Отключаемся от сервера ('localhost', 7777)
2020-07-09 14:02:38,883 INFO client Программа клиент запущена
2020-07-09 14:02:38,883 INFO client Устанавливаем соединение: ('localhost', 7777)
2020-07-09 14:02:38,883 INFO client Выполняем команду: `presence`
2020-07-09 14:03:52,119 INFO client Сообщение от сервера: command `presence` completed successfully; Code: 200
2020-07-09 14:03:52,119 INFO client Отключаемся от сервера ('localhost', 7777)
2020-07-09 14:05:22,195 INFO client Программа клиент запущена
2020-07-09 14:05:22,195 INFO client Устанавливаем соединение: ('localhost', 7777)
2020-07-09 14:05:22,211 INFO client Выполняем команду: `presence`
2020-07-09 14:07:05,875 INFO client Программа клиент запущена
2020-07-09 14:07:05,875 INFO client Устанавливаем соединение: ('localhost', 7777)
2020-07-09 14:07:05,875 INFO client Выполняем команду: `presence`
2020-07-09 14:08:24,291 INFO client Программа клиент запущена
2020-07-09 14:08:24,291 INFO client Устанавливаем соединение: ('localhost', 7777)
2020-07-09 14:08:24,291 INFO client Выполняем команду: `presence`
2020-07-09 14:09:42,287 INFO client Сообщение от сервера: command `presence` completed successfully; Code: 200
2020-07-09 14:10:37,427 INFO client Программа клиент запущена
2020-07-09 14:10:37,427 INFO client Устанавливаем соединение: ('localhost', 7777)
2020-07-09 14:10:37,443 INFO client Выполняем команду: `presence`
2020-07-09 14:10:37,443 INFO client Сообщение от сервера: command `presence` completed successfully; Code: 200
2020-07-09 14:10:37,443 INFO client Отключаемся от сервера ('localhost', 7777)
2020-07-09 14:10:42,255 INFO client Программа клиент запущена
2020-07-09 14:10:42,255 INFO client Устанавливаем соединение: ('localhost', 7777)
2020-07-09 14:10:43,287 ERROR client [WinError 10061] Подключение не установлено, т.к. конечный компьютер отверг запрос на подключение
2020-07-09 14:11:43,886 INFO client Программа клиент запущена
2020-07-09 14:11:43,886 INFO client Устанавливаем соединение: ('localhost', 7777)
2020-07-09 14:11:43,886 INFO client Выполняем команду: `presence`
2020-07-09 14:11:44,089 INFO client Сообщение от сервера: command `presence` completed successfully; Code: 200
2020-07-09 14:11:44,089 INFO client Отключаемся от сервера ('localhost', 7777)
2020-07-09 14:12:52,778 INFO client Программа клиент запущена
2020-07-09 14:12:52,778 INFO client Устанавливаем соединение: ('localhost', 7777)
2020-07-09 14:12:52,794 INFO client Выполняем команду: `presence`
2020-07-09 14:12:52,794 INFO client Сообщение от сервера: command `presence` completed successfully; Code: 200
2020-07-09 14:12:52,794 INFO client Отключаемся от сервера ('localhost', 7777)
2020-07-09 14:17:16,148 INFO client Программа клиент запущена
2020-07-09 14:17:16,148 INFO client Устанавливаем соединение: ('localhost', 7777)
2020-07-09 14:17:16,148 INFO client Выполняем команду: `presence`
2020-07-09 14:17:16,148 INFO client Сообщение от сервера: command `presence` completed successfully; Code: 200
2020-07-09 14:17:16,148 INFO client Отключаемся от сервера ('localhost', 7777)
2020-07-09 14:19:26,064 INFO client Программа клиент запущена
2020-07-09 14:19:26,064 INFO client Устанавливаем соединение: ('localhost', 7777)
2020-07-09 14:19:26,064 INFO client Выполняем команду: `presence`
2020-07-09 14:19:56,002 ERROR client [WinError 10054] Удаленный хост принудительно разорвал существующее подключение
2020-07-09 14:20:07,892 INFO client Программа клиент запущена
2020-07-09 14:20:07,892 INFO client Устанавливаем соединение: ('localhost', 7777)
2020-07-09 14:20:07,892 INFO client Выполняем команду: `presence`
2020-07-09 14:20:08,095 INFO client Сообщение от сервера: command `presence` completed successfully; Code: 200
2020-07-09 14:20:08,095 INFO client Отключаемся от сервера ('localhost', 7777)
2020-07-09 14:22:48,629 INFO client Программа клиент запущена
2020-07-09 14:22:48,629 INFO client Устанавливаем соединение: ('localhost', 7777)
2020-07-09 14:22:48,629 INFO client Выполняем команду: `presence`
2020-07-09 14:22:48,629 INFO client Сообщение от сервера: command `presence` completed successfully; Code: 200
2020-07-09 14:22:48,629 INFO client Отключаемся от сервера ('localhost', 7777)
2020-07-09 14:30:41,705 INFO client Программа клиент запущена
2020-07-09 14:30:41,705 INFO client Устанавливаем соединение: ('localhost', 7777)
2020-07-09 14:30:42,736 ERROR client [WinError 10061] Подключение не установлено, т.к. конечный компьютер отверг запрос на подключение
2020-07-09 14:31:16,204 INFO client Программа клиент запущена
2020-07-09 14:31:16,204 INFO client Устанавливаем соединение: ('localhost', 7777)
2020-07-09 14:31:26,720 INFO client Выполняем команду: `presence`
2020-07-09 14:31:26,782 INFO client Сообщение от сервера: command `presence` completed successfully; Code: 200
2020-07-09 14:31:31,001 INFO client Выполняем команду: `presence`
2020-07-09 14:31:31,001 INFO client Сообщение от сервера: Unexpected error; Code: 500
2020-07-09 14:31:32,814 INFO client Выполняем команду: `presence`
2020-07-09 14:31:32,814 ERROR client Extra data: line 1 column 66 (char 65)
2020-07-09 14:36:08,826 INFO client Программа клиент запущена
2020-07-09 14:36:08,826 INFO client Устанавливаем соединение: ('localhost', 7777)
2020-07-09 14:36:13,810 INFO client Выполняем команду: `presence`
2020-07-09 14:37:01,982 INFO client Сообщение от сервера: command `presence` completed successfully; Code: 200
2020-07-09 14:40:01,983 INFO client Программа клиент запущена
2020-07-09 14:40:01,983 INFO client Устанавливаем соединение: ('localhost', 7777)
2020-07-09 14:40:05,811 INFO client Выполняем команду: `presence`
2020-07-09 14:40:05,858 INFO client Сообщение от сервера: command `presence` completed successfully; Code: 200
2020-07-09 14:40:30,717 INFO client Выполняем команду: `presence`
2020-07-09 14:40:30,717 INFO client Сообщение от сервера: Unexpected error; Code: 500
2020-07-09 14:42:33,198 INFO client Программа клиент запущена
2020-07-09 14:42:33,198 INFO client Устанавливаем соединение: ('localhost', 7777)
2020-07-09 14:42:37,073 INFO client Выполняем команду: `presence`
2020-07-09 14:42:56,042 INFO client Сообщение от сервера: command `presence` completed successfully; Code: 200
2020-07-09 14:47:44,720 INFO client Программа клиент запущена
2020-07-09 14:47:44,720 INFO client Устанавливаем соединение: ('localhost', 7777)
2020-07-09 14:47:49,610 INFO client Выполняем команду: `presence`
2020-07-09 14:48:03,767 INFO client Сообщение от сервера: command `presence` completed successfully; Code: 200
2020-07-09 14:56:30,120 INFO client Программа клиент запущена
2020-07-09 14:56:30,120 INFO client Устанавливаем соединение: ('localhost', 7777)
2020-07-09 14:56:32,338 INFO client Выполняем команду: `presence`
2020-07-09 14:56:35,385 INFO client Сообщение от сервера: Unexpected error; Code: 500
2020-07-09 14:59:29,948 INFO client Программа клиент запущена
2020-07-09 14:59:29,948 INFO client Устанавливаем соединение: ('localhost', 7777)
2020-07-09 14:59:33,729 INFO client Выполняем команду: `presence`
2020-07-09 14:59:33,807 INFO client Сообщение от сервера: Unexpected error; Code: 500
2020-07-09 14:59:52,761 INFO client Выполняем команду: `presence`
2020-07-09 15:00:48,245 INFO client Программа клиент запущена
2020-07-09 15:00:48,245 INFO client Устанавливаем соединение: ('localhost', 7777)
2020-07-09 15:00:51,339 INFO client Выполняем команду: `presence`
2020-07-09 15:02:30,136 INFO client Программа клиент запущена
2020-07-09 15:02:30,136 INFO client Устанавливаем соединение: ('localhost', 7777)
2020-07-09 15:02:32,839 INFO client Выполняем команду: `presence`
2020-07-09 15:03:31,808 INFO client Программа клиент запущена
2020-07-09 15:03:31,808 INFO client Устанавливаем соединение: ('localhost', 7777)
2020-07-09 15:03:35,183 INFO client Выполняем команду: `presence`
2020-07-09 15:04:46,426 INFO client Программа клиент запущена
2020-07-09 15:04:46,426 INFO client Устанавливаем соединение: ('localhost', 7777)
2020-07-09 15:04:50,426 INFO client Выполняем команду: `presence`
2020-07-09 15:07:12,239 INFO client Программа клиент запущена
2020-07-09 15:07:12,254 INFO client Устанавливаем соединение: ('localhost', 7777)
2020-07-09 15:07:14,535 INFO client Выполняем команду: `presence`
2020-07-09 15:07:35,739 INFO client Сообщение от сервера: Unexpected error; Code: 500
2020-07-09 15:07:42,004 INFO client Выполняем команду: `presence`
2020-07-09 15:08:16,457 INFO client Программа клиент запущена
2020-07-09 15:08:16,473 INFO client Устанавливаем соединение: ('localhost', 7777)
2020-07-09 15:08:18,004 INFO client Выполняем команду: `presence`
2020-07-09 15:09:48,708 INFO client Программа клиент запущена
2020-07-09 15:09:48,708 INFO client Устанавливаем соединение: ('localhost', 7777)
2020-07-09 15:09:51,051 INFO client Выполняем команду: `presence`
2020-07-09 15:10:17,833 INFO client Сообщение от сервера: command `presence` completed successfully; Code: 200
2020-07-09 15:11:00,036 INFO client Программа клиент запущена
2020-07-09 15:11:00,036 INFO client Устанавливаем соединение: ('localhost', 7777)
2020-07-09 15:11:02,567 INFO client Выполняем команду: `presence`
2020-07-09 15:11:10,848 INFO client Сообщение от сервера: command `presence` completed successfully; Code: 200
2020-07-09 15:11:41,380 INFO client Выполняем команду: `presence`
2020-07-09 15:11:47,739 INFO client Сообщение от сервера: command `presence` completed successfully; Code: 200
2020-07-09 15:11:55,474 INFO client Выполняем команду: `presence`
2020-07-09 15:11:55,661 INFO client Сообщение от сервера: command `presence` completed successfully; Code: 200
2020-07-09 15:11:56,864 INFO client Выполняем команду: `presence`
2020-07-09 15:11:56,880 INFO client Сообщение от сервера: command `presence` completed successfully; Code: 200
2020-07-09 15:11:57,708 INFO client Выполняем команду: `presence`
2020-07-09 15:11:57,895 INFO client Сообщение от сервера: command `presence` completed successfully; Code: 200
2020-07-09 15:11:58,520 INFO client Выполняем команду: `presence`
2020-07-09 15:11:58,708 INFO client Сообщение от сервера: command `presence` completed successfully; Code: 200
2020-07-09 15:11:59,255 INFO client Выполняем команду: `presence`
2020-07-09 15:11:59,317 INFO client Сообщение от сервера: command `presence` completed successfully; Code: 200
2020-07-09 15:12:00,005 INFO client Выполняем команду: `presence`
2020-07-09 15:12:00,130 INFO client Сообщение от сервера: command `presence` completed successfully; Code: 200
2020-07-09 15:13:37,149 INFO client Программа клиент запущена
2020-07-09 15:13:37,149 INFO client Устанавливаем соединение: ('localhost', 7777)
2020-07-09 15:13:43,492 INFO client Выполняем команду: `presence`
2020-07-09 15:13:43,664 INFO client Сообщение от сервера: command `presence` completed successfully; Code: 200
2020-07-09 15:13:45,899 INFO client Выполняем команду: `presence`
2020-07-09 15:13:46,102 INFO client Сообщение от сервера: command `presence` completed successfully; Code: 200
2020-07-09 15:15:43,790 INFO client Программа клиент запущена
2020-07-09 15:15:43,790 INFO client Устанавливаем соединение: ('localhost', 7777)
2020-07-09 15:15:44,821 ERROR client [WinError 10061] Подключение не установлено, т.к. конечный компьютер отверг запрос на подключение
2020-07-09 15:16:03,966 INFO client Программа клиент запущена
2020-07-09 15:16:03,966 INFO client Устанавливаем соединение: ('localhost', 7777)
2020-07-09 15:16:31,169 INFO client Программа клиент запущена
2020-07-09 15:16:31,169 INFO client Устанавливаем соединение: ('localhost', 7777)
2020-07-09 15:16:35,731 INFO client Выполняем команду: `presence`
2020-07-09 15:16:35,841 INFO client Сообщение от сервера: command `presence` completed successfully; Code: 200
2020-07-09 15:16:39,278 INFO client Выполняем команду: `presence`
2020-07-09 15:16:39,294 INFO client Сообщение от сервера: command `presence` completed successfully; Code: 200
2020-07-09 15:16:43,419 INFO client Выполняем команду: `presence`
2020-07-09 15:16:43,559 INFO client Сообщение от сервера: command `presence` completed successfully; Code: 200
2020-07-09 15:16:46,184 INFO client Выполняем команду: `presence`
2020-07-09 15:16:46,200 INFO client Сообщение от сервера: command `presence` completed successfully; Code: 200
2020-07-09 15:16:47,653 INFO client Выполняем команду: `presence`
2020-07-09 15:16:47,825 INFO client Сообщение от сервера: command `presence` completed successfully; Code: 200
2020-07-09 15:25:51,529 INFO client Программа клиент запущена
2020-07-09 15:25:51,529 INFO client Устанавливаем соединение: ('localhost', 7777)
2020-07-09 15:25:57,561 INFO client Программа клиент запущена
2020-07-09 15:25:57,561 INFO client Устанавливаем соединение: ('localhost', 7777)
2020-07-09 15:26:06,733 INFO client Выполняем команду: `presence`
2020-07-09 15:26:06,920 INFO client Сообщение от сервера: command `presence` completed successfully; Code: 200
2020-07-09 15:26:10,842 INFO client Выполняем команду: `presence`
2020-07-09 15:26:10,983 INFO client Сообщение от сервера: command `presence` completed successfully; Code: 200
2020-07-09 15:26:15,514 INFO client Выполняем команду: `broadcast`
2020-07-09 15:26:44,092 ERROR client [WinError 10054] Удаленный хост принудительно разорвал существующее подключение
2020-07-09 15:27:03,061 INFO client Программа клиент запущена
2020-07-09 15:27:03,061 INFO client Устанавливаем соединение: ('localhost', 7777)
2020-07-09 15:27:11,076 INFO client Программа клиент запущена
2020-07-09 15:27:11,076 INFO client Устанавливаем соединение: ('localhost', 7777)
2020-07-09 15:27:12,842 INFO client Выполняем команду: `presence`
2020-07-09 15:27:12,920 INFO client Сообщение от сервера: command `presence` completed successfully; Code: 200
2020-07-09 15:27:17,951 INFO client Выполняем команду: `presence`
2020-07-09 15:27:17,998 INFO client Сообщение от сервера: command `presence` completed successfully; Code: 200
2020-07-09 15:27:22,639 INFO client Выполняем команду: `broadcast`
2020-07-09 15:28:03,748 INFO client Программа клиент запущена
2020-07-09 15:28:03,748 INFO client Устанавливаем соединение: ('localhost', 7777)
2020-07-09 15:28:07,936 INFO client Программа клиент запущена
2020-07-09 15:28:07,952 INFO client Устанавливаем соединение: ('localhost', 7777)
2020-07-09 15:28:41,967 INFO client Программа клиент запущена
2020-07-09 15:28:41,967 INFO client Устанавливаем соединение: ('localhost', 7777)
2020-07-09 15:28:48,498 INFO client Программа клиент запущена
2020-07-09 15:28:48,498 INFO client Устанавливаем соединение: ('localhost', 7777)
2020-07-09 15:28:50,280 INFO client Выполняем команду: `presence`
2020-07-09 15:28:50,327 INFO client Сообщение от сервера: command `presence` completed successfully; Code: 200
2020-07-09 15:28:54,670 INFO client Выполняем команду: `presence`
2020-07-09 15:28:54,795 INFO client Сообщение от сервера: command `presence` completed successfully; Code: 200
2020-07-09 15:28:58,358 INFO client Выполняем команду: `broadcast`
2020-07-09 15:29:41,920 INFO client Сообщение от сервера: Unexpected error; Code: 500
2020-07-09 15:31:05,449 INFO client Программа клиент запущена
2020-07-09 15:31:05,449 INFO client Устанавливаем соединение: ('localhost', 7777)
2020-07-09 15:31:06,480 ERROR client [WinError 10061] Подключение не установлено, т.к. конечный компьютер отверг запрос на подключение
2020-07-09 15:31:19,008 INFO client Программа клиент запущена
2020-07-09 15:31:19,023 INFO client Устанавливаем соединение: ('localhost', 7777)
2020-07-09 15:32:05,820 INFO client Программа клиент запущена
2020-07-09 15:32:05,820 INFO client Устанавливаем соединение: ('localhost', 7777)
2020-07-09 15:32:06,851 ERROR client [WinError 10061] Подключение не установлено, т.к. конечный компьютер отверг запрос на подключение
2020-07-09 15:32:14,617 INFO client Программа клиент запущена
2020-07-09 15:32:14,633 INFO client Устанавливаем соединение: ('localhost', 7777)
2020-07-09 15:32:54,258 INFO client Программа клиент запущена
2020-07-09 15:32:54,258 INFO client Устанавливаем соединение: ('localhost', 7777)
2020-07-09 15:37:59,274 INFO client Программа клиент запущена
2020-07-09 15:37:59,274 INFO client Устанавливаем соединение: ('localhost', 7777)
2020-07-09 15:38:00,290 ERROR client [WinError 10061] Подключение не установлено, т.к. конечный компьютер отверг запрос на подключение
2020-07-09 15:38:12,587 INFO client Программа клиент запущена
2020-07-09 15:38:12,587 INFO client Устанавливаем соединение: ('localhost', 7777)
2020-07-09 15:38:24,430 INFO client Программа клиент запущена
2020-07-09 15:38:24,430 INFO client Устанавливаем соединение: ('localhost', 7777)
2020-07-09 15:38:28,149 INFO client Выполняем команду: `presence`
2020-07-09 15:38:28,290 INFO client Сообщение от сервера: command `presence` completed successfully; Code: 200
2020-07-09 15:38:36,852 INFO client Выполняем команду: `broadcast`
2020-07-09 15:38:59,196 ERROR client [WinError 10054] Удаленный хост принудительно разорвал существующее подключение
2020-07-09 15:38:59,196 ERROR client [WinError 10054] Удаленный хост принудительно разорвал существующее подключение
2020-07-09 15:40:13,274 INFO client Программа клиент запущена
2020-07-09 15:40:13,274 INFO client Устанавливаем соединение: ('localhost', 7777)
2020-07-09 15:40:17,462 INFO client Программа клиент запущена
2020-07-09 15:40:17,462 INFO client Устанавливаем соединение: ('localhost', 7777)
2020-07-09 15:40:19,618 INFO client Выполняем команду: `presence`
2020-07-09 15:40:19,696 INFO client Сообщение от сервера: command `presence` completed successfully; Code: 200
2020-07-09 15:40:28,602 INFO client Выполняем команду: `presence`
2020-07-09 15:40:28,634 INFO client Сообщение от сервера: command `presence` completed successfully; Code: 200
2020-07-09 15:40:38,446 INFO client Выполняем команду: `broadcast`
2020-07-09 15:40:52,712 ERROR client [WinError 10054] Удаленный хост принудительно разорвал существующее подключение
2020-07-09 15:40:52,712 ERROR client [WinError 10054] Удаленный хост принудительно разорвал существующее подключение
2020-07-09 15:41:14,774 INFO client Программа клиент запущена
2020-07-09 15:41:14,774 INFO client Устанавливаем соединение: ('localhost', 7777)
2020-07-09 15:41:53,087 INFO client Программа клиент запущена
2020-07-09 15:41:53,087 INFO client Устанавливаем соединение: ('localhost', 7777)
2020-07-09 15:41:54,978 INFO client Выполняем команду: `broadcast`
2020-07-09 15:42:50,556 ERROR client [WinError 10054] Удаленный хост принудительно разорвал существующее подключение
2020-07-09 15:42:50,556 ERROR client [WinError 10054] Удаленный хост принудительно разорвал существующее подключение
2020-07-09 15:42:57,540 INFO client Программа клиент запущена
2020-07-09 15:42:57,540 INFO client Устанавливаем соединение: ('localhost', 7777)
2020-07-09 15:43:01,728 INFO client Программа клиент запущена
2020-07-09 15:43:01,728 INFO client Устанавливаем соединение: ('localhost', 7777)
2020-07-09 15:43:30,103 ERROR client [WinError 10054] Удаленный хост принудительно разорвал существующее подключение
2020-07-09 15:44:05,415 INFO client Программа клиент запущена
2020-07-09 15:44:05,415 INFO client Устанавливаем соединение: ('localhost', 7777)
2020-07-09 15:44:10,744 INFO client Программа клиент запущена
2020-07-09 15:44:10,744 INFO client Устанавливаем соединение: ('localhost', 7777)
2020-07-09 15:44:16,822 INFO client Выполняем команду: `presence`
2020-07-09 15:44:44,509 INFO client Выполняем команду: `presence`
2020-07-09 15:44:54,462 ERROR client [WinError 10054] Удаленный хост принудительно разорвал существующее подключение
2020-07-09 15:45:01,306 INFO client Программа клиент запущена
2020-07-09 15:45:01,306 INFO client Устанавливаем соединение: ('localhost', 7777)
2020-07-09 15:45:04,728 INFO client Программа клиент запущена
2020-07-09 15:45:04,728 INFO client Устанавливаем соединение: ('localhost', 7777)
2020-07-09 15:45:06,212 INFO client Выполняем команду: `presence`
2020-07-09 15:45:06,353 INFO client Сообщение от сервера: command `presence` completed successfully; Code: 200
2020-07-09 15:45:09,728 INFO client Выполняем команду: `presence`
2020-07-09 15:45:09,806 INFO client Сообщение от сервера: command `presence` completed successfully; Code: 200
2020-07-09 15:45:18,853 INFO client Выполняем команду: `broadcast`
2020-07-09 15:46:54,822 ERROR client [WinError 10054] Удаленный хост принудительно разорвал существующее подключение
2020-07-09 15:46:54,822 ERROR client [WinError 10054] Удаленный хост принудительно разорвал существующее подключение
2020-07-09 15:47:00,166 INFO client Программа клиент запущена
2020-07-09 15:47:00,181 INFO client Устанавливаем соединение: ('localhost', 7777)
2020-07-09 15:47:03,994 INFO client Программа клиент запущена
2020-07-09 15:47:03,994 INFO client Устанавливаем соединение: ('localhost', 7777)
2020-07-09 15:47:05,760 INFO client Выполняем команду: `presence`
2020-07-09 15:47:05,822 INFO client Сообщение от сервера: command `presence` completed successfully; Code: 200
2020-07-09 15:47:13,853 INFO client Выполняем команду: `broadcast`
2020-07-09 15:47:13,947 INFO client Сообщение от сервера: Unexpected error; Code: 500
2020-07-09 15:48:20,447 INFO client Программа клиент запущена
2020-07-09 15:48:20,447 INFO client Устанавливаем соединение: ('localhost', 7777)
2020-07-09 15:48:22,900 ERROR client Expecting value: line 1 column 1 (char 0)
2020-07-09 16:58:18,097 INFO client Программа клиент запущена
2020-07-09 16:58:18,112 INFO client Устанавливаем соединение: ('localhost', 7777)
2020-07-09 16:58:27,050 INFO client Программа клиент запущена
2020-07-09 16:58:27,050 INFO client Устанавливаем соединение: ('localhost', 7777)
2020-07-09 16:58:35,268 INFO client Выполняем команду: `broadcast`
2020-07-09 17:00:58,347 INFO client Сообщение от сервера: Unexpected error; Code: 500
2020-07-09 17:01:34,365 ERROR client [WinError 10054] Удаленный хост принудительно разорвал существующее подключение
2020-07-09 17:01:46,534 INFO client Программа клиент запущена
2020-07-09 17:01:46,534 INFO client Устанавливаем соединение: ('localhost', 7777)
2020-07-09 17:01:51,331 INFO client Программа клиент запущена
2020-07-09 17:01:51,331 INFO client Устанавливаем соединение: ('localhost', 7777)
2020-07-09 17:02:29,550 INFO client Выполняем команду: `broadcast`
2020-07-09 17:03:10,972 ERROR client [WinError 10054] Удаленный хост принудительно разорвал существующее подключение
2020-07-09 17:03:10,972 ERROR client [WinError 10054] Удаленный хост принудительно разорвал существующее подключение
2020-07-09 17:03:30,253 INFO client Программа клиент запущена
2020-07-09 17:03:30,253 INFO client Устанавливаем соединение: ('localhost', 7777)
2020-07-09 17:03:33,441 INFO client Программа клиент запущена
2020-07-09 17:03:33,441 INFO client Устанавливаем соединение: ('localhost', 7777)
2020-07-09 17:03:37,878 INFO client Выполняем команду: `broadcast`
2020-07-09 17:04:47,410 ERROR client [WinError 10054] Удаленный хост принудительно разорвал существующее подключение
2020-07-09 17:04:47,410 ERROR client [WinError 10054] Удаленный хост принудительно разорвал существующее подключение
2020-07-09 17:05:19,707 INFO client Программа клиент запущена
2020-07-09 17:05:19,707 INFO client Устанавливаем соединение: ('localhost', 7777)
2020-07-09 17:05:23,051 INFO client Программа клиент запущена
2020-07-09 17:05:23,051 INFO client Устанавливаем соединение: ('localhost', 7777)
2020-07-09 17:05:29,394 INFO client Выполняем команду: `broadcast`
2020-07-09 17:05:52,207 INFO client Сообщение от сервера: command `broadcast` completed successfully; Code: 200
2020-07-09 17:05:54,551 INFO client Сообщение от сервера: command `broadcast` completed successfully; Code: 200
2020-07-09 17:10:39,942 INFO client Программа клиент запущена
2020-07-09 17:10:39,942 INFO client Устанавливаем соединение: ('localhost', 7777)
2020-07-09 17:11:02,989 INFO client Программа клиент запущена
2020-07-09 17:11:02,989 INFO client Устанавливаем соединение: ('localhost', 7777)
2020-07-09 17:11:07,036 INFO client Выполняем команду: `broadcast`
2020-07-09 17:11:07,051 INFO client Сообщение от сервера: command `broadcast` completed successfully; Code: 200
2020-07-09 17:11:07,051 INFO client Сообщение от сервера: command `broadcast` completed successfully; Code: 200
2020-07-09 17:11:50,754 INFO client Программа клиент запущена
2020-07-09 17:11:50,754 INFO client Устанавливаем соединение: ('localhost', 7777)
2020-07-09 17:11:58,629 INFO client Программа клиент запущена
2020-07-09 17:11:58,629 INFO client Устанавливаем соединение: ('localhost', 7777)
2020-07-09 17:12:03,520 ERROR client Extra data: line 1 column 41 (char 40)
2020-07-09 17:12:10,301 INFO client Программа клиент запущена
2020-07-09 17:12:10,301 INFO client Устанавливаем соединение: ('localhost', 7777)
2020-07-09 17:12:11,333 ERROR client [WinError 10061] Подключение не установлено, т.к. конечный компьютер отверг запрос на подключение
2020-07-09 17:12:28,020 INFO client Программа клиент запущена
2020-07-09 17:12:28,020 INFO client Устанавливаем соединение: ('localhost', 7777)
2020-07-09 17:12:34,692 INFO client Программа клиент запущена
2020-07-09 17:12:34,692 INFO client Устанавливаем соединение: ('localhost', 7777)
2020-07-09 17:12:40,380 INFO client Выполняем команду: `broadcast`
2020-07-09 17:12:40,583 INFO client Сообщение от сервера: command `broadcast` completed successfully; Code: 200
2020-07-09 17:12:40,583 INFO client Сообщение от сервера: command `broadcast` completed successfully; Code: 200
2020-07-09 17:14:12,567 INFO client Программа клиент запущена
2020-07-09 17:14:12,567 INFO client Устанавливаем соединение: ('localhost', 7777)
2020-07-09 17:14:13,614 ERROR client [WinError 10061] Подключение не установлено, т.к. конечный компьютер отверг запрос на подключение
2020-07-09 17:14:21,614 INFO client Программа клиент запущена
2020-07-09 17:14:21,614 INFO client Устанавливаем соединение: ('localhost', 7777)
2020-07-09 17:14:25,145 INFO client Программа клиент запущена
2020-07-09 17:14:25,145 INFO client Устанавливаем соединение: ('localhost', 7777)
2020-07-09 17:14:31,927 INFO client Выполняем команду: `broadcast`
2020-07-09 17:14:32,052 INFO client Сообщение от сервера: command `broadcast` completed successfully; Code: 200
2020-07-09 17:14:32,052 INFO client Сообщение от сервера: command `broadcast` completed successfully; Code: 200
2020-07-09 17:14:50,130 INFO client Выполняем команду: `broadcast`
2020-07-09 17:14:50,333 INFO client Сообщение от сервера: command `broadcast` completed successfully; Code: 200
2020-07-09 17:14:50,333 INFO client Сообщение от сервера: command `broadcast` completed successfully; Code: 200
2020-07-09 17:15:40,755 INFO client Программа клиент запущена
2020-07-09 17:15:40,771 INFO client Устанавливаем соединение: ('localhost', 7777)
2020-07-09 17:16:05,177 INFO client Программа клиент запущена
2020-07-09 17:16:05,177 INFO client Устанавливаем соединение: ('localhost', 7777)
2020-07-09 17:16:06,192 ERROR client [WinError 10061] Подключение не установлено, т.к. конечный компьютер отверг запрос на подключение
2020-07-09 17:16:13,864 INFO client Программа клиент запущена
2020-07-09 17:16:13,864 INFO client Устанавливаем соединение: ('localhost', 7777)
2020-07-09 17:16:17,380 INFO client Программа клиент запущена
2020-07-09 17:16:17,380 INFO client Устанавливаем соединение: ('localhost', 7777)
2020-07-09 17:16:23,349 INFO client Выполняем команду: `broadcast`
2020-07-09 17:16:23,474 INFO client Сообщение от сервера: command `broadcast` completed successfully; Code: 200
2020-07-09 17:16:23,474 INFO client Сообщение от сервера: command `broadcast` completed successfully; Code: 200
